<?xml version="1.0" encoding="UTF-8"?>
<!-- Generated by org.testng.reporters.JUnitReportReporter -->
<testsuite hostname="DESKTOP-HO3NPSQ" failures="0" tests="4" name="seleniumtestng.TestNgParallel" time="0.010" errors="0" timestamp="2021-04-08T11:12:51 IST" skipped="0">
  <testcase classname="seleniumtestng.TestNgParallel" name="testA" time="0.001"/>
  <system-out/>
  <testcase classname="seleniumtestng.TestNgParallel" name="testB" time="0.004"/>
  <system-out/>
  <testcase classname="seleniumtestng.TestNgParallel" name="testD" time="0.003"/>
  <system-out/>
  <testcase classname="seleniumtestng.TestNgParallel" name="testC" time="0.002"/>
  <system-out/>
</testsuite> <!-- seleniumtestng.TestNgParallel -->
