<?xml version="1.0" encoding="UTF-8"?>
<!-- Generated by org.testng.reporters.JUnitReportReporter -->
<testsuite hostname="DESKTOP-HO3NPSQ" failures="0" tests="4" name="seleniumtestng.selenium.LoginTest" time="42.142" errors="0" timestamp="2021-04-08T11:37:03 IST" skipped="0">
  <testcase classname="seleniumtestng.selenium.LoginTest" name="testLogin" time="11.587"/>
  <system-out/>
  <testcase classname="seleniumtestng.selenium.LoginTest" name="testLogut" time="14.117"/>
  <system-out/>
  <testcase classname="seleniumtestng.selenium.LoginTest" name="testLogin" time="8.888"/>
  <system-out/>
  <testcase classname="seleniumtestng.selenium.LoginTest" name="testLogut" time="7.550"/>
  <system-out/>
</testsuite> <!-- seleniumtestng.selenium.LoginTest -->
