<?xml version="1.0" encoding="UTF-8"?>
<!-- Generated by org.testng.reporters.JUnitReportReporter -->
<testsuite hostname="DESKTOP-HO3NPSQ" failures="0" tests="3" name="seleniumtestng.TestNgDataparameters" time="0.016" errors="0" timestamp="2021-04-07T11:06:27 IST" skipped="0">
  <testcase classname="seleniumtestng.TestNgDataparameters" name="testData" time="0.004"/>
  <system-out/>
  <testcase classname="seleniumtestng.TestNgDataparameters" name="testData" time="0.004"/>
  <system-out/>
  <testcase classname="seleniumtestng.TestNgDataparameters" name="testData" time="0.008"/>
  <system-out/>
</testsuite> <!-- seleniumtestng.TestNgDataparameters -->
