<?xml version="1.0" encoding="UTF-8"?>
<!-- Generated by org.testng.reporters.JUnitReportReporter -->
<testsuite hostname="DESKTOP-HO3NPSQ" failures="0" tests="1" name="seleniumtestng.MyTestNGListener" time="0.012" errors="0" timestamp="2021-04-07T11:19:42 IST" skipped="0">
  <testcase classname="seleniumtestng.MyTestNGListener" name="testSucc" time="0.012"/>
  <system-out/>
</testsuite> <!-- seleniumtestng.MyTestNGListener -->
