<?xml version="1.0" encoding="UTF-8"?>
<!-- Generated by org.testng.reporters.JUnitReportReporter -->
<testsuite hostname="DESKTOP-HO3NPSQ" failures="0" tests="7" name="seleniumtestng.TestNGAnnotations" time="0.027" errors="0" timestamp="2021-04-08T11:12:51 IST" skipped="0">
  <testcase classname="seleniumtestng.TestNGAnnotations" name="firstTest" time="0.002"/>
  <system-out/>
  <testcase classname="seleniumtestng.TestNGAnnotations" name="secondTest" time="0.003"/>
  <system-out/>
  <testcase classname="seleniumtestng.TestNGAnnotations" name="firstTest" time="0.005"/>
  <system-out/>
  <testcase classname="seleniumtestng.TestNGAnnotations" name="secondTest" time="0.005"/>
  <system-out/>
  <testcase classname="seleniumtestng.TestNGAnnotations" name="firstTest" time="0.005"/>
  <system-out/>
  <testcase classname="seleniumtestng.TestNGAnnotations" name="firstTest" time="0.001"/>
  <system-out/>
  <testcase classname="seleniumtestng.TestNGAnnotations" name="secondTest" time="0.006"/>
  <system-out/>
</testsuite> <!-- seleniumtestng.TestNGAnnotations -->
