<?xml version="1.0" encoding="UTF-8"?>
<!-- Generated by org.testng.reporters.JUnitReportReporter -->
<testsuite hostname="DESKTOP-HO3NPSQ" failures="0" tests="1" name="seleniumtestng.TestNGParameter" time="0.012" errors="0" timestamp="2021-04-08T10:48:43 IST" skipped="0">
  <testcase classname="seleniumtestng.TestNGParameter" name="testParameter" time="0.012"/>
  <system-out/>
</testsuite> <!-- seleniumtestng.TestNGParameter -->
