<?xml version="1.0" encoding="UTF-8"?>
<!-- Generated by org.testng.reporters.JUnitReportReporter -->
<testsuite hostname="DESKTOP-HO3NPSQ" failures="0" tests="2" name="seleniumtestng.RetryExample" time="0.019" errors="0" timestamp="2021-04-07T11:14:35 IST" skipped="1">
  <testcase classname="seleniumtestng.RetryExample" name="testA" time="0.003"/>
  <system-out/>
  <testcase classname="seleniumtestng.RetryExample" name="testA" time="0.016">
    <skipped/>
  </testcase> <!-- testA -->
  <system-out/>
</testsuite> <!-- seleniumtestng.RetryExample -->
