<?xml version="1.0" encoding="UTF-8"?>
<!-- Generated by org.testng.reporters.JUnitReportReporter -->
<testsuite hostname="DESKTOP-HO3NPSQ" failures="0" tests="2" name="seleniumtestng.EmployeeTest" time="0.003" errors="0" timestamp="2021-04-08T11:12:51 IST" skipped="0">
  <testcase classname="seleniumtestng.EmployeeTest" name="employeeLogout" time="0.002"/>
  <system-out/>
  <testcase classname="seleniumtestng.EmployeeTest" name="employeeSignup" time="0.001"/>
  <system-out/>
</testsuite> <!-- seleniumtestng.EmployeeTest -->
